<?xml version="1.0" encoding="UTF-8"?>
<!-- Generated by org.testng.reporters.JUnitReportReporter -->
<testsuite hostname="Sangeeta-Laptop" name="TaxCalculation.TaxAPITestCases" tests="2" failures="0" timestamp="26 Feb 2015 18:16:42 GMT" time="0.022" errors="0">
  <testcase name="TestBasicTax" time="0.020" classname="TaxCalculation.TaxAPITestCases"/>
  <testcase name="TestLuxTax" time="0.002" classname="TaxCalculation.TaxAPITestCases"/>
</testsuite> <!-- TaxCalculation.TaxAPITestCases -->
